Performing C SOURCE FILE Test CMAKE_HAVE_LIBC_PTHREAD failed with the following output:
Change Dir: /home/edward/catkin_ws/build/CMakeFiles/CMakeTmp

Run Build Command(s):/usr/bin/make cmTC_ca018/fast && /usr/bin/make -f CMakeFiles/cmTC_ca018.dir/build.make CMakeFiles/cmTC_ca018.dir/build
make[1]: Entering directory '/home/edward/catkin_ws/build/CMakeFiles/CMakeTmp'
Building C object CMakeFiles/cmTC_ca018.dir/src.c.o
/usr/bin/cc   -DCMAKE_HAVE_LIBC_PTHREAD   -o CMakeFiles/cmTC_ca018.dir/src.c.o   -c /home/edward/catkin_ws/build/CMakeFiles/CMakeTmp/src.c
Linking C executable cmTC_ca018
/usr/bin/cmake -E cmake_link_script CMakeFiles/cmTC_ca018.dir/link.txt --verbose=1
/usr/bin/cc  -DCMAKE_HAVE_LIBC_PTHREAD    -rdynamic CMakeFiles/cmTC_ca018.dir/src.c.o  -o cmTC_ca018 
/usr/bin/ld: CMakeFiles/cmTC_ca018.dir/src.c.o: in function `main':
src.c:(.text+0x46): undefined reference to `pthread_create'
/usr/bin/ld: src.c:(.text+0x52): undefined reference to `pthread_detach'
/usr/bin/ld: src.c:(.text+0x63): undefined reference to `pthread_join'
collect2: error: ld returned 1 exit status
make[1]: *** [CMakeFiles/cmTC_ca018.dir/build.make:87: cmTC_ca018] Error 1
make[1]: Leaving directory '/home/edward/catkin_ws/build/CMakeFiles/CMakeTmp'
make: *** [Makefile:121: cmTC_ca018/fast] Error 2


Source file was:
#include <pthread.h>

void* test_func(void* data)
{
  return data;
}

int main(void)
{
  pthread_t thread;
  pthread_create(&thread, NULL, test_func, NULL);
  pthread_detach(thread);
  pthread_join(thread, NULL);
  pthread_atfork(NULL, NULL, NULL);
  pthread_exit(NULL);

  return 0;
}

Determining if the function pthread_create exists in the pthreads failed with the following output:
Change Dir: /home/edward/catkin_ws/build/CMakeFiles/CMakeTmp

Run Build Command(s):/usr/bin/make cmTC_a4985/fast && /usr/bin/make -f CMakeFiles/cmTC_a4985.dir/build.make CMakeFiles/cmTC_a4985.dir/build
make[1]: Entering directory '/home/edward/catkin_ws/build/CMakeFiles/CMakeTmp'
Building C object CMakeFiles/cmTC_a4985.dir/CheckFunctionExists.c.o
/usr/bin/cc   -DCHECK_FUNCTION_EXISTS=pthread_create   -o CMakeFiles/cmTC_a4985.dir/CheckFunctionExists.c.o   -c /usr/share/cmake-3.16/Modules/CheckFunctionExists.c
Linking C executable cmTC_a4985
/usr/bin/cmake -E cmake_link_script CMakeFiles/cmTC_a4985.dir/link.txt --verbose=1
/usr/bin/cc  -DCHECK_FUNCTION_EXISTS=pthread_create    -rdynamic CMakeFiles/cmTC_a4985.dir/CheckFunctionExists.c.o  -o cmTC_a4985  -lpthreads 
/usr/bin/ld: cannot find -lpthreads
collect2: error: ld returned 1 exit status
make[1]: *** [CMakeFiles/cmTC_a4985.dir/build.make:87: cmTC_a4985] Error 1
make[1]: Leaving directory '/home/edward/catkin_ws/build/CMakeFiles/CMakeTmp'
make: *** [Makefile:121: cmTC_a4985/fast] Error 2



Determining if the function trunc exists failed with the following output:
Change Dir: /home/edward/catkin_ws/build/CMakeFiles/CMakeTmp

Run Build Command(s):/usr/bin/make cmTC_e00c8/fast && /usr/bin/make -f CMakeFiles/cmTC_e00c8.dir/build.make CMakeFiles/cmTC_e00c8.dir/build
make[1]: Entering directory '/home/edward/catkin_ws/build/CMakeFiles/CMakeTmp'
Building C object CMakeFiles/cmTC_e00c8.dir/CheckFunctionExists.c.o
/usr/bin/cc   -DCHECK_FUNCTION_EXISTS=trunc   -o CMakeFiles/cmTC_e00c8.dir/CheckFunctionExists.c.o   -c /usr/share/cmake-3.16/Modules/CheckFunctionExists.c
<command-line>: warning: conflicting types for built-in function ‘trunc’; expected ‘double(double)’ [-Wbuiltin-declaration-mismatch]
/usr/share/cmake-3.16/Modules/CheckFunctionExists.c:7:3: note: in expansion of macro ‘CHECK_FUNCTION_EXISTS’
    7 |   CHECK_FUNCTION_EXISTS(void);
      |   ^~~~~~~~~~~~~~~~~~~~~
/usr/share/cmake-3.16/Modules/CheckFunctionExists.c:1:1: note: ‘trunc’ is declared in header ‘<math.h>’
  +++ |+#include <math.h>
    1 | #ifdef CHECK_FUNCTION_EXISTS
Linking C executable cmTC_e00c8
/usr/bin/cmake -E cmake_link_script CMakeFiles/cmTC_e00c8.dir/link.txt --verbose=1
/usr/bin/cc  -DCHECK_FUNCTION_EXISTS=trunc    -rdynamic CMakeFiles/cmTC_e00c8.dir/CheckFunctionExists.c.o  -o cmTC_e00c8 
/usr/bin/ld: CMakeFiles/cmTC_e00c8.dir/CheckFunctionExists.c.o: in function `main':
CheckFunctionExists.c:(.text+0x14): undefined reference to `trunc'
collect2: error: ld returned 1 exit status
make[1]: *** [CMakeFiles/cmTC_e00c8.dir/build.make:87: cmTC_e00c8] Error 1
make[1]: Leaving directory '/home/edward/catkin_ws/build/CMakeFiles/CMakeTmp'
make: *** [Makefile:121: cmTC_e00c8/fast] Error 2



